Start testing: Mar 27 01:25 CET
----------------------------------------------------------
1/1 Testing: test
1/1 Test: test
Command: "/home/zen/Etudes/L3/crack-defense/build/test/unit_tests" "test"
Directory: /home/zen/Etudes/L3/crack-defense/build/test
"test" start time: Mar 27 01:25 CET
Output:
----------------------------------------------------------
Filters: "test"
Randomness seeded to: 1087084138
===============================================================================
All tests passed (1 assertion in 1 test case)

<end of output>
Test time =   0.00 sec
----------------------------------------------------------
Test Passed.
"test" end time: Mar 27 01:25 CET
"test" time elapsed: 00:00:00
----------------------------------------------------------

End testing: Mar 27 01:25 CET
